<?xml version="1.0" encoding="UTF-8"?>
<testsuite xmlns:xsi="http://www.w3.org/2001/XMLSchema-instance" xsi:noNamespaceSchemaLocation="https://maven.apache.org/surefire/maven-surefire-plugin/xsd/surefire-test-report-3.0.xsd" version="3.0" name="com.example.AppTest" time="6.793" tests="7" errors="0" skipped="0" failures="0">
  <properties>
[...]
</properties>
  <testcase name="checkContentType" classname="com.example.AppTest" time="2.683"/>
  <testcase name="checkDeleteUser" classname="com.example.AppTest" time="1.996">
    <system-out><![CDATA[----------Delete request successful---------
Deleted ID : 7725592
]]></system-out>
  </testcase>
  <testcase name="checkPostAPI" classname="com.example.AppTest" time="0.287">
    <system-out><![CDATA[----------Post request successful---------
POST : User created with ID: 7725593
Response POST: {"id":7725593,"name":"Jay Embranthiri","email":"TestEmail163@example.com","gender":"female","status":"active"}
]]></system-out>
  </testcase>
  <testcase name="checkPutUser" classname="com.example.AppTest" time="0.473">
    <system-out><![CDATA[----------PUT request successful---------
PUT : Status Changed :  inactive
]]></system-out>
  </testcase>
  <testcase name="checkGetUser" classname="com.example.AppTest" time="0.489">
    <system-out><![CDATA[----------GET request successful---------
[
    {
        "id": 7725593,
        "name": "Jay Embranthiri",
        "email": "TestEmail163@example.com",
        "gender": "female",
        "status": "active"
    },
    {
        "id": 7725573,
        "name": "Jay Embranthiri",
        "email": "TestEmail154@example.com",
        "gender": "female",
        "status": "active"
    },
    {
        "id": 7725570,
        "name": "Jay Embranthiri",
        "email": "TestEmail116@example.com",
        "gender": "female",
        "status": "active"
    },
    {
        "id": 7725479,
        "name": "Jay Embranthiri",
        "email": "TestEmail16@example.com",
        "gender": "female",
        "status": "active"
    },
    {
        "id": 7725453,
        "name": "Jay Embranthiri",
        "email": "TestEmail152@example.com",
        "gender": "female",
        "status": "active"
    },
    {
        "id": 7725450,
        "name": "Jay Embranthiri",
        "email": "TestEmail194@example.com",
        "gender": "female",
        "status": "active"
    },
    {
        "id": 7725317,
        "name": "Jay Embranthiri",
        "email": "TestEmail136@example.com",
        "gender": "female",
        "status": "inactive"
    },
    {
        "id": 7725425,
        "name": "Jay Embranthiri",
        "email": "TestEmail195@example.com",
        "gender": "female",
        "status": "active"
    },
    {
        "id": 7725402,
        "name": "Som Kaul",
        "email": "kaul_som@stiedemann.test",
        "gender": "male",
        "status": "active"
    },
    {
        "id": 7725401,
        "name": "Amb. Kumari Saini",
        "email": "saini_amb_kumari@sawayn-zboncak.test",
        "gender": "male",
        "status": "inactive"
    }
]
Response Get: io.restassured.internal.ValidatableResponseImpl@39549f33
]]></system-out>
  </testcase>
  <testcase name="checkGetUserNotNull" classname="com.example.AppTest" time="0.339">
    <system-out><![CDATA[Checked Request Not null
]]></system-out>
  </testcase>
  <testcase name="checkGetStatusCode" classname="com.example.AppTest" time="0.509">
    <system-out><![CDATA[Request successful
]]></system-out>
  </testcase>
</testsuite>